The system is: Windows - 10.0.18362 - AMD64
Compiling the C compiler identification source file "CMakeCCompilerId.c" succeeded.
Compiler: C:/Program Files (x86)/Microsoft Visual Studio/2019/Community/VC/Tools/MSVC/14.25.28610/bin/Hostx64/x64/cl.exe 
Build flags: 
Id flags:  

The output was:
0
Microsoft (R) C/C++ Optimizing Compiler Version 19.25.28610.4 for x64
Copyright (C) Microsoft Corporation.  All rights reserved.

CMakeCCompilerId.c
Microsoft (R) Incremental Linker Version 14.25.28610.4
Copyright (C) Microsoft Corporation.  All rights reserved.

/out:CMakeCCompilerId.exe 
CMakeCCompilerId.obj 


Compilation of the C compiler identification source "CMakeCCompilerId.c" produced "CMakeCCompilerId.exe"

Compilation of the C compiler identification source "CMakeCCompilerId.c" produced "CMakeCCompilerId.obj"

The C compiler identification is MSVC, found in "C:/Users/Kaspe/Aalborg Universitet/Kasper personlig/Struktureret system- og produktudvikling (SSP) (ROB2) - AAL - F20/GrowPlant/build/CMakeFiles/3.17.0/CompilerIdC/CMakeCCompilerId.exe"

Compiling the CXX compiler identification source file "CMakeCXXCompilerId.cpp" succeeded.
Compiler: C:/Program Files (x86)/Microsoft Visual Studio/2019/Community/VC/Tools/MSVC/14.25.28610/bin/Hostx64/x64/cl.exe 
Build flags: 
Id flags:  

The output was:
0
Microsoft (R) C/C++ Optimizing Compiler Version 19.25.28610.4 for x64
Copyright (C) Microsoft Corporation.  All rights reserved.

CMakeCXXCompilerId.cpp
Microsoft (R) Incremental Linker Version 14.25.28610.4
Copyright (C) Microsoft Corporation.  All rights reserved.

/out:CMakeCXXCompilerId.exe 
CMakeCXXCompilerId.obj 


Compilation of the CXX compiler identification source "CMakeCXXCompilerId.cpp" produced "CMakeCXXCompilerId.exe"

Compilation of the CXX compiler identification source "CMakeCXXCompilerId.cpp" produced "CMakeCXXCompilerId.obj"

The CXX compiler identification is MSVC, found in "C:/Users/Kaspe/Aalborg Universitet/Kasper personlig/Struktureret system- og produktudvikling (SSP) (ROB2) - AAL - F20/GrowPlant/build/CMakeFiles/3.17.0/CompilerIdCXX/CMakeCXXCompilerId.exe"

Determining if the C compiler works passed with the following output:
Change Dir: C:/Users/Kaspe/Aalborg Universitet/Kasper personlig/Struktureret system- og produktudvikling (SSP) (ROB2) - AAL - F20/GrowPlant/build/CMakeFiles/CMakeTmp

Run Build Command(s):C:/PROGRA~2/MICROS~3/2019/COMMUN~1/Common7/IDE/COMMON~1/MICROS~1/CMake/Ninja/ninja.exe cmTC_029ed && [1/2] Building C object CMakeFiles\cmTC_029ed.dir\testCCompiler.c.obj
[2/2] Linking C executable cmTC_029ed.exe



Detecting C compiler ABI info compiled with the following output:
Change Dir: C:/Users/Kaspe/Aalborg Universitet/Kasper personlig/Struktureret system- og produktudvikling (SSP) (ROB2) - AAL - F20/GrowPlant/build/CMakeFiles/CMakeTmp

Run Build Command(s):C:/PROGRA~2/MICROS~3/2019/COMMUN~1/Common7/IDE/COMMON~1/MICROS~1/CMake/Ninja/ninja.exe cmTC_e47a9 && [1/2] Building C object CMakeFiles\cmTC_e47a9.dir\CMakeCCompilerABI.c.obj
[2/2] Linking C executable cmTC_e47a9.exe



Determining if the CXX compiler works passed with the following output:
Change Dir: C:/Users/Kaspe/Aalborg Universitet/Kasper personlig/Struktureret system- og produktudvikling (SSP) (ROB2) - AAL - F20/GrowPlant/build/CMakeFiles/CMakeTmp

Run Build Command(s):C:/PROGRA~2/MICROS~3/2019/COMMUN~1/Common7/IDE/COMMON~1/MICROS~1/CMake/Ninja/ninja.exe cmTC_456a9 && [1/2] Building CXX object CMakeFiles\cmTC_456a9.dir\testCXXCompiler.cxx.obj
[2/2] Linking CXX executable cmTC_456a9.exe



Detecting CXX compiler ABI info compiled with the following output:
Change Dir: C:/Users/Kaspe/Aalborg Universitet/Kasper personlig/Struktureret system- og produktudvikling (SSP) (ROB2) - AAL - F20/GrowPlant/build/CMakeFiles/CMakeTmp

Run Build Command(s):C:/PROGRA~2/MICROS~3/2019/COMMUN~1/Common7/IDE/COMMON~1/MICROS~1/CMake/Ninja/ninja.exe cmTC_643d9 && [1/2] Building CXX object CMakeFiles\cmTC_643d9.dir\CMakeCXXCompilerABI.cpp.obj
[2/2] Linking CXX executable cmTC_643d9.exe



Determining if the include file sys/types.h exists passed with the following output:
Change Dir: C:/Users/Kaspe/Aalborg Universitet/Kasper personlig/Struktureret system- og produktudvikling (SSP) (ROB2) - AAL - F20/GrowPlant/build/CMakeFiles/CMakeTmp

Run Build Command(s):C:/PROGRA~2/MICROS~3/2019/COMMUN~1/Common7/IDE/COMMON~1/MICROS~1/CMake/Ninja/ninja.exe cmTC_c9d2b && [1/2] Building C object CMakeFiles\cmTC_c9d2b.dir\CheckIncludeFile.c.obj
[2/2] Linking C executable cmTC_c9d2b.exe



Determining if the include file stdint.h exists passed with the following output:
Change Dir: C:/Users/Kaspe/Aalborg Universitet/Kasper personlig/Struktureret system- og produktudvikling (SSP) (ROB2) - AAL - F20/GrowPlant/build/CMakeFiles/CMakeTmp

Run Build Command(s):C:/PROGRA~2/MICROS~3/2019/COMMUN~1/Common7/IDE/COMMON~1/MICROS~1/CMake/Ninja/ninja.exe cmTC_0cf58 && [1/2] Building C object CMakeFiles\cmTC_0cf58.dir\CheckIncludeFile.c.obj
[2/2] Linking C executable cmTC_0cf58.exe



Determining if the include file stddef.h exists passed with the following output:
Change Dir: C:/Users/Kaspe/Aalborg Universitet/Kasper personlig/Struktureret system- og produktudvikling (SSP) (ROB2) - AAL - F20/GrowPlant/build/CMakeFiles/CMakeTmp

Run Build Command(s):C:/PROGRA~2/MICROS~3/2019/COMMUN~1/Common7/IDE/COMMON~1/MICROS~1/CMake/Ninja/ninja.exe cmTC_b91eb && [1/2] Building C object CMakeFiles\cmTC_b91eb.dir\CheckIncludeFile.c.obj
[2/2] Linking C executable cmTC_b91eb.exe



Determining size of void* passed with the following output:
Change Dir: C:/Users/Kaspe/Aalborg Universitet/Kasper personlig/Struktureret system- og produktudvikling (SSP) (ROB2) - AAL - F20/GrowPlant/build/CMakeFiles/CMakeTmp

Run Build Command(s):C:/PROGRA~2/MICROS~3/2019/COMMUN~1/Common7/IDE/COMMON~1/MICROS~1/CMake/Ninja/ninja.exe cmTC_5c7ca && [1/2] Building C object CMakeFiles\cmTC_5c7ca.dir\SIZEOF_VOID_PTR.c.obj
[2/2] Linking C executable cmTC_5c7ca.exe



